/*C12*/SET SCHEMA PUBLIC
INSERT INTO TRANSACTION VALUES('d90c31d4-471b-4c0f-b6db-be475591514c',2000,'Maria','2025-03-10 11:21:00.353293',1.00)
COMMIT
INSERT INTO TRANSACTION VALUES('7bf87e3d-a434-4162-914d-7bb403ed51aa',2000,'Maria','2025-03-10 11:21:06.026399',1.00)
COMMIT
/*C13*/SET SCHEMA PUBLIC
DISCONNECT
/*C14*/SET SCHEMA PUBLIC
DISCONNECT
/*C17*/SET SCHEMA PUBLIC
DISCONNECT
/*C19*/SET SCHEMA PUBLIC
DISCONNECT
/*C20*/SET SCHEMA PUBLIC
DISCONNECT
/*C18*/SET SCHEMA PUBLIC
DISCONNECT
/*C15*/SET SCHEMA PUBLIC
DISCONNECT
/*C12*/DISCONNECT
/*C21*/SET SCHEMA PUBLIC
DISCONNECT
/*C16*/SET SCHEMA PUBLIC
DISCONNECT
/*C22*/SET SCHEMA PUBLIC
INSERT INTO TRANSACTION VALUES('4532b68f-e479-4cf2-8fbf-6abfc1959f25',2000,'Maria','2025-03-10 11:52:15.309353',999.00)
COMMIT
/*C27*/SET SCHEMA PUBLIC
DISCONNECT
/*C22*/DISCONNECT
/*C26*/SET SCHEMA PUBLIC
DISCONNECT
/*C25*/SET SCHEMA PUBLIC
DISCONNECT
/*C23*/SET SCHEMA PUBLIC
DISCONNECT
/*C24*/SET SCHEMA PUBLIC
DISCONNECT
/*C28*/SET SCHEMA PUBLIC
DISCONNECT
/*C31*/SET SCHEMA PUBLIC
DISCONNECT
/*C29*/SET SCHEMA PUBLIC
DISCONNECT
/*C30*/SET SCHEMA PUBLIC
DISCONNECT
/*C32*/SET SCHEMA PUBLIC
INSERT INTO TRANSACTION VALUES('e1cf9c79-6bec-49db-a0d1-6b113972573e',2000,'Maria','2025-03-10 11:59:39.734732',333.00)
COMMIT
INSERT INTO TRANSACTION VALUES('64d4af5b-3a1f-4abb-9970-817ba9f93217',44444,'Joao','2025-03-10 12:05:56.315959',54.00)
COMMIT
INSERT INTO TRANSACTION VALUES('9af1c6fe-240d-410b-8c10-f670d9fac91c',2000,'Maria','2025-03-10 12:07:46.431258',999999999999999.00)
COMMIT
INSERT INTO TRANSACTION VALUES('250bf996-7693-4dd0-838c-6ee3b1b13b4a',44444,'Joao','2025-03-10 12:10:40.323475',99999.00)
COMMIT
INSERT INTO TRANSACTION VALUES('87100ba0-afb0-4668-9bde-d094ae624770',2222,'Clovis ','2025-03-10 12:19:44.458500',11111.00)
COMMIT
